Jan 08, 2026 11:23:53 AM ai.glog.execute.workers.TriageAndRemediationCallableWorker isFalsePositive
SEVERE: {
  "ruleId" : "DS121708",
  "ruleIndex" : null,
  "rule" : null,
  "kind" : "FAIL",
  "level" : "NOTE",
  "message" : {
    "text" : "Problematic C function detected (memcpy)",
    "markdown" : null,
    "id" : null,
    "arguments" : null,
    "properties" : null
  },
  "analysisTarget" : null,
  "locations" : [ {
    "id" : null,
    "physicalLocation" : {
      "address" : null,
      "artifactLocation" : {
        "uri" : "software/libcariboulite/src/production_utils/production_testing.c",
        "uriBaseId" : null,
        "index" : null,
        "description" : null,
        "properties" : null
      },
      "region" : {
        "startLine" : 226,
        "startColumn" : 61,
        "endLine" : 226,
        "endColumn" : 108,
        "charOffset" : 6909,
        "charLength" : 47,
        "byteOffset" : null,
        "byteLength" : null,
        "snippet" : {
          "text" : "memcpy(&(T),gmtime(&time_now),sizeof(struct tm)",
          "binary" : null,
          "rendered" : {
            "text" : "memcpy(&(T),gmtime(&time_now),sizeof(struct tm)",
            "markdown" : "`memcpy(&(T),gmtime(&time_now),sizeof(struct tm)`",
            "properties" : null
          },
          "properties" : null
        },
        "message" : null,
        "sourceLanguage" : "c",
        "properties" : null
      },
      "contextRegion" : null,
      "properties" : null
    },
    "logicalLocations" : null,
    "message" : null,
    "annotations" : null,
    "relationships" : null,
    "properties" : null
  } ],
  "guid" : null,
  "correlationGuid" : null,
  "occurrenceCount" : null,
  "partialFingerprints" : null,
  "fingerprints" : null,
  "stacks" : null,
  "codeFlows" : null,
  "graphs" : null,
  "graphTraversals" : null,
  "relatedLocations" : null,
  "suppressions" : null,
  "baselineState" : null,
  "rank" : null,
  "attachments" : null,
  "hostedViewerUri" : null,
  "workItemUris" : null,
  "provenance" : null,
  "fixes" : [ {
    "description" : {
      "text" : "There are a number of conditions in which memcpy can introduce a vulnerability (mismatched buffer sizes, null pointers, etc.). More secure alternitives perform additional validation of the source and destination buffer",
      "markdown" : null,
      "id" : null,
      "arguments" : null,
      "properties" : null
    },
    "artifactChanges" : [ {
      "artifactLocation" : {
        "uri" : "software/libcariboulite/src/production_utils/production_testing.c",
        "uriBaseId" : null,
        "index" : null,
        "description" : null,
        "properties" : null
      },
      "replacements" : [ {
        "deletedRegion" : {
          "startLine" : null,
          "startColumn" : null,
          "endLine" : null,
          "endColumn" : null,
          "charOffset" : 6909,
          "charLength" : 47,
          "byteOffset" : null,
          "byteLength" : null,
          "snippet" : null,
          "message" : null,
          "sourceLanguage" : null,
          "properties" : null
        },
        "insertedContent" : {
          "text" : "memcpy_s(&(T), <size of &(T)>, gmtime(&time_now), sizeof(struct tm)",
          "binary" : null,
          "rendered" : null,
          "properties" : null
        },
        "properties" : null
      } ],
      "properties" : null
    } ],
    "properties" : null
  } ],
  "taxa" : null,
  "webRequest" : null,
  "webResponse" : null,
  "properties" : {
    "DevSkimSeverity" : "BestPractice",
    "DevSkimConfidence" : "High"
  }
}
java.util.NoSuchElementException: next on empty iterator
	at scala.collection.Iterator$$anon$19.next(Iterator.scala:973)
	at scala.collection.Iterator$$anon$19.next(Iterator.scala:971)
	at scala.collection.Iterator$$anon$6.next(Iterator.scala:492)
	at flatgraph.traversal.GenericSteps$.head$extension(Language.scala:80)
	at ai.glog.cpg.analysis.SinkAnalyzer$.getSink(SinkAnalyzer.scala:31)
	at ai.glog.cpg.analysis.SinkAnalyzer.getSink(SinkAnalyzer.scala)
	at ai.glog.reporting.Sarif.getSinkCpg(Sarif.java:217)
	at ai.glog.plugins.devskim.rules.resolve.MemcpyResolver.isFalsePositive(MemcpyResolver.java:35)
	at ai.glog.execute.workers.TriageAndRemediationCallableWorker.isFalsePositive(TriageAndRemediationCallableWorker.java:160)
	at ai.glog.execute.workers.TriageAndRemediationCallableWorker.call(TriageAndRemediationCallableWorker.java:67)
	at ai.glog.execute.workers.TriageAndRemediationCallableWorker.call(TriageAndRemediationCallableWorker.java:32)
	at java.base/java.util.concurrent.FutureTask.run(FutureTask.java:317)
	at java.base/java.util.concurrent.ThreadPoolExecutor.runWorker(ThreadPoolExecutor.java:1144)
	at java.base/java.util.concurrent.ThreadPoolExecutor$Worker.run(ThreadPoolExecutor.java:642)
	at java.base/java.lang.Thread.run(Thread.java:1623)

Jan 08, 2026 11:23:53 AM ai.glog.execute.workers.TriageAndRemediationCallableWorker isFalsePositive
SEVERE: next on empty iterator
java.util.NoSuchElementException: next on empty iterator
	at scala.collection.Iterator$$anon$19.next(Iterator.scala:973)
	at scala.collection.Iterator$$anon$19.next(Iterator.scala:971)
	at scala.collection.Iterator$$anon$6.next(Iterator.scala:492)
	at flatgraph.traversal.GenericSteps$.head$extension(Language.scala:80)
	at ai.glog.cpg.analysis.SinkAnalyzer$.getSink(SinkAnalyzer.scala:31)
	at ai.glog.cpg.analysis.SinkAnalyzer.getSink(SinkAnalyzer.scala)
	at ai.glog.reporting.Sarif.getSinkCpg(Sarif.java:217)
	at ai.glog.plugins.devskim.rules.resolve.MemcpyResolver.isFalsePositive(MemcpyResolver.java:35)
	at ai.glog.execute.workers.TriageAndRemediationCallableWorker.isFalsePositive(TriageAndRemediationCallableWorker.java:160)
	at ai.glog.execute.workers.TriageAndRemediationCallableWorker.call(TriageAndRemediationCallableWorker.java:67)
	at ai.glog.execute.workers.TriageAndRemediationCallableWorker.call(TriageAndRemediationCallableWorker.java:32)
	at java.base/java.util.concurrent.FutureTask.run(FutureTask.java:317)
	at java.base/java.util.concurrent.ThreadPoolExecutor.runWorker(ThreadPoolExecutor.java:1144)
	at java.base/java.util.concurrent.ThreadPoolExecutor$Worker.run(ThreadPoolExecutor.java:642)
	at java.base/java.lang.Thread.run(Thread.java:1623)

Jan 08, 2026 11:24:20 AM ai.glog.plugins.devskim.rules.resolve.MemcpyResolver getDetailText
SEVERE: Cannot invoke "java.util.List.iterator()" because the return value of "ai.glog.context.miner.dto.CallRemediationDto.getExamples()" is null
java.lang.NullPointerException: Cannot invoke "java.util.List.iterator()" because the return value of "ai.glog.context.miner.dto.CallRemediationDto.getExamples()" is null
	at ai.glog.plugins.devskim.rules.resolve.MemcpyResolver.getDetailText(MemcpyResolver.java:68)
	at ai.glog.execute.workers.TriageAndRemediationCallableWorker.call(TriageAndRemediationCallableWorker.java:70)
	at ai.glog.execute.workers.TriageAndRemediationCallableWorker.call(TriageAndRemediationCallableWorker.java:32)
	at java.base/java.util.concurrent.FutureTask.run(FutureTask.java:317)
	at java.base/java.util.concurrent.ThreadPoolExecutor.runWorker(ThreadPoolExecutor.java:1144)
	at java.base/java.util.concurrent.ThreadPoolExecutor$Worker.run(ThreadPoolExecutor.java:642)
	at java.base/java.lang.Thread.run(Thread.java:1623)

Jan 08, 2026 11:28:54 AM ai.glog.execute.workers.TriageAndRemediationCallableWorker isFalsePositive
SEVERE: {
  "ruleId" : "DS121708",
  "ruleIndex" : null,
  "rule" : null,
  "kind" : "FAIL",
  "level" : "NOTE",
  "message" : {
    "text" : "Problematic C function detected (memcpy)",
    "markdown" : null,
    "id" : null,
    "arguments" : null,
    "properties" : null
  },
  "analysisTarget" : null,
  "locations" : [ {
    "id" : null,
    "physicalLocation" : {
      "address" : null,
      "artifactLocation" : {
        "uri" : "software/libcariboulite/src/zf_log/zf_log.c",
        "uriBaseId" : null,
        "index" : null,
        "description" : null,
        "properties" : null
      },
      "region" : {
        "startLine" : 655,
        "startColumn" : 1,
        "endLine" : 655,
        "endColumn" : 36,
        "charOffset" : 24048,
        "charLength" : 35,
        "byteOffset" : null,
        "byteLength" : null,
        "snippet" : {
          "text" : "memcpy(msg->p, ZF_LOG_EOL, eol_len)",
          "binary" : null,
          "rendered" : {
            "text" : "memcpy(msg->p, ZF_LOG_EOL, eol_len)",
            "markdown" : "`memcpy(msg->p, ZF_LOG_EOL, eol_len)`",
            "properties" : null
          },
          "properties" : null
        },
        "message" : null,
        "sourceLanguage" : "c",
        "properties" : null
      },
      "contextRegion" : null,
      "properties" : null
    },
    "logicalLocations" : null,
    "message" : null,
    "annotations" : null,
    "relationships" : null,
    "properties" : null
  } ],
  "guid" : null,
  "correlationGuid" : null,
  "occurrenceCount" : null,
  "partialFingerprints" : null,
  "fingerprints" : null,
  "stacks" : null,
  "codeFlows" : null,
  "graphs" : null,
  "graphTraversals" : null,
  "relatedLocations" : null,
  "suppressions" : null,
  "baselineState" : null,
  "rank" : null,
  "attachments" : null,
  "hostedViewerUri" : null,
  "workItemUris" : null,
  "provenance" : null,
  "fixes" : [ {
    "description" : {
      "text" : "There are a number of conditions in which memcpy can introduce a vulnerability (mismatched buffer sizes, null pointers, etc.). More secure alternitives perform additional validation of the source and destination buffer",
      "markdown" : null,
      "id" : null,
      "arguments" : null,
      "properties" : null
    },
    "artifactChanges" : [ {
      "artifactLocation" : {
        "uri" : "software/libcariboulite/src/zf_log/zf_log.c",
        "uriBaseId" : null,
        "index" : null,
        "description" : null,
        "properties" : null
      },
      "replacements" : [ {
        "deletedRegion" : {
          "startLine" : null,
          "startColumn" : null,
          "endLine" : null,
          "endColumn" : null,
          "charOffset" : 24048,
          "charLength" : 35,
          "byteOffset" : null,
          "byteLength" : null,
          "snippet" : null,
          "message" : null,
          "sourceLanguage" : null,
          "properties" : null
        },
        "insertedContent" : {
          "text" : "memcpy_s(msg->p, <size of msg->p>,  ZF_LOG_EOL,  eol_len)",
          "binary" : null,
          "rendered" : null,
          "properties" : null
        },
        "properties" : null
      } ],
      "properties" : null
    } ],
    "properties" : null
  } ],
  "taxa" : null,
  "webRequest" : null,
  "webResponse" : null,
  "properties" : {
    "DevSkimSeverity" : "BestPractice",
    "DevSkimConfidence" : "High"
  }
}
java.util.NoSuchElementException: next on empty iterator
	at scala.collection.Iterator$$anon$19.next(Iterator.scala:973)
	at scala.collection.Iterator$$anon$19.next(Iterator.scala:971)
	at scala.collection.Iterator$$anon$6.next(Iterator.scala:492)
	at flatgraph.traversal.GenericSteps$.head$extension(Language.scala:80)
	at ai.glog.cpg.analysis.SinkAnalyzer$.getSink(SinkAnalyzer.scala:31)
	at ai.glog.cpg.analysis.SinkAnalyzer.getSink(SinkAnalyzer.scala)
	at ai.glog.reporting.Sarif.getSinkCpg(Sarif.java:217)
	at ai.glog.plugins.devskim.rules.resolve.MemcpyResolver.isFalsePositive(MemcpyResolver.java:35)
	at ai.glog.execute.workers.TriageAndRemediationCallableWorker.isFalsePositive(TriageAndRemediationCallableWorker.java:160)
	at ai.glog.execute.workers.TriageAndRemediationCallableWorker.call(TriageAndRemediationCallableWorker.java:67)
	at ai.glog.execute.workers.TriageAndRemediationCallableWorker.call(TriageAndRemediationCallableWorker.java:32)
	at java.base/java.util.concurrent.FutureTask.run(FutureTask.java:317)
	at java.base/java.util.concurrent.ThreadPoolExecutor.runWorker(ThreadPoolExecutor.java:1144)
	at java.base/java.util.concurrent.ThreadPoolExecutor$Worker.run(ThreadPoolExecutor.java:642)
	at java.base/java.lang.Thread.run(Thread.java:1623)

Jan 08, 2026 11:28:54 AM ai.glog.execute.workers.TriageAndRemediationCallableWorker isFalsePositive
SEVERE: next on empty iterator
java.util.NoSuchElementException: next on empty iterator
	at scala.collection.Iterator$$anon$19.next(Iterator.scala:973)
	at scala.collection.Iterator$$anon$19.next(Iterator.scala:971)
	at scala.collection.Iterator$$anon$6.next(Iterator.scala:492)
	at flatgraph.traversal.GenericSteps$.head$extension(Language.scala:80)
	at ai.glog.cpg.analysis.SinkAnalyzer$.getSink(SinkAnalyzer.scala:31)
	at ai.glog.cpg.analysis.SinkAnalyzer.getSink(SinkAnalyzer.scala)
	at ai.glog.reporting.Sarif.getSinkCpg(Sarif.java:217)
	at ai.glog.plugins.devskim.rules.resolve.MemcpyResolver.isFalsePositive(MemcpyResolver.java:35)
	at ai.glog.execute.workers.TriageAndRemediationCallableWorker.isFalsePositive(TriageAndRemediationCallableWorker.java:160)
	at ai.glog.execute.workers.TriageAndRemediationCallableWorker.call(TriageAndRemediationCallableWorker.java:67)
	at ai.glog.execute.workers.TriageAndRemediationCallableWorker.call(TriageAndRemediationCallableWorker.java:32)
	at java.base/java.util.concurrent.FutureTask.run(FutureTask.java:317)
	at java.base/java.util.concurrent.ThreadPoolExecutor.runWorker(ThreadPoolExecutor.java:1144)
	at java.base/java.util.concurrent.ThreadPoolExecutor$Worker.run(ThreadPoolExecutor.java:642)
	at java.base/java.lang.Thread.run(Thread.java:1623)

Jan 08, 2026 11:29:21 AM ai.glog.plugins.devskim.rules.resolve.MemcpyResolver getDetailText
SEVERE: Cannot invoke "java.util.List.iterator()" because the return value of "ai.glog.context.miner.dto.CallRemediationDto.getExamples()" is null
java.lang.NullPointerException: Cannot invoke "java.util.List.iterator()" because the return value of "ai.glog.context.miner.dto.CallRemediationDto.getExamples()" is null
	at ai.glog.plugins.devskim.rules.resolve.MemcpyResolver.getDetailText(MemcpyResolver.java:68)
	at ai.glog.execute.workers.TriageAndRemediationCallableWorker.call(TriageAndRemediationCallableWorker.java:70)
	at ai.glog.execute.workers.TriageAndRemediationCallableWorker.call(TriageAndRemediationCallableWorker.java:32)
	at java.base/java.util.concurrent.FutureTask.run(FutureTask.java:317)
	at java.base/java.util.concurrent.ThreadPoolExecutor.runWorker(ThreadPoolExecutor.java:1144)
	at java.base/java.util.concurrent.ThreadPoolExecutor$Worker.run(ThreadPoolExecutor.java:642)
	at java.base/java.lang.Thread.run(Thread.java:1623)

Jan 08, 2026 11:33:43 AM ai.glog.execute.workers.FileCallableWorker call
SEVERE: null
java.lang.InterruptedException
	at java.base/java.util.concurrent.locks.AbstractQueuedSynchronizer$ConditionObject.awaitNanos(AbstractQueuedSynchronizer.java:1765)
	at java.base/java.util.concurrent.ThreadPoolExecutor.awaitTermination(ThreadPoolExecutor.java:1475)
	at ai.glog.execute.workers.FileCallableWorker.call(FileCallableWorker.java:62)
	at ai.glog.execute.workers.FileCallableWorker.call(FileCallableWorker.java:18)
	at java.base/java.util.concurrent.FutureTask.run(FutureTask.java:317)
	at java.base/java.util.concurrent.ThreadPoolExecutor.runWorker(ThreadPoolExecutor.java:1144)
	at java.base/java.util.concurrent.ThreadPoolExecutor$Worker.run(ThreadPoolExecutor.java:642)
	at java.base/java.lang.Thread.run(Thread.java:1623)

